2025-09-21 01:36:54,185 [INFO] Started monitoring /app/source with 4 workers
2025-09-21 01:45:14,065 [INFO] Received signal 15, shutting down gracefully...
2025-09-21 01:45:14,276 [INFO] Observer stopped, waiting for ongoing zip tasks to finish...
2025-09-21 01:45:14,278 [INFO] All zip tasks completed. Exiting gracefully.
2025-09-21 01:45:15,666 [INFO] Processing zip: /app/source/Ne Zha 2 (2025) [1080p] [YTS.MX].zip
2025-09-21 01:45:15,723 [INFO] Started monitoring /app/source with 4 workers
2025-09-21 01:52:48,684 [INFO] Received signal 15, shutting down gracefully...
2025-09-21 01:52:48,726 [INFO] Received signal 15, shutting down gracefully...
2025-09-21 01:52:48,799 [INFO] Observer stopped, waiting for ongoing zip tasks to finish...
2025-09-21 01:52:48,803 [INFO] All zip tasks completed. Exiting gracefully.
2025-09-21 01:59:16,831 [INFO] Started monitoring /app/source with 4 workers
2025-09-21 02:05:34,469 [INFO] Received signal 15, shutting down gracefully...
2025-09-21 02:05:34,892 [INFO] Observer stopped, waiting for ongoing zip tasks to finish...
2025-09-21 02:05:34,894 [INFO] All zip tasks completed. Exiting gracefully.
2025-09-21 02:05:36,463 [INFO] Processing zip: /app/source/Ne Zha 2 (2025) [1080p] [YTS.MX].zip
2025-09-21 02:05:36,508 [INFO] Started monitoring /app/source with 4 workers
2025-09-21 02:12:04,888 [INFO] Received signal 15, shutting down gracefully...
2025-09-21 02:12:05,557 [INFO] Observer stopped, waiting for ongoing zip tasks to finish...
2025-09-21 02:12:05,571 [INFO] All zip tasks completed. Exiting gracefully.
2025-09-21 02:12:10,234 [INFO] Started monitoring /app/source with 4 workers
2025-09-21 02:15:08,604 [INFO] Received signal 15, shutting down gracefully...
2025-09-21 02:15:09,278 [INFO] Observer stopped, waiting for ongoing zip tasks to finish...
2025-09-21 02:15:09,298 [INFO] All zip tasks completed. Exiting gracefully.
2025-09-21 02:15:13,804 [INFO] Started periodic scanning of /app/source every 10s with 4 workers
2025-09-21 02:16:15,229 [INFO] Processing zip: /app/source/Ne Zha II - 2025.zip
2025-09-21 02:19:05,805 [INFO] Extracted '/app/source/Ne Zha II - 2025.zip' to '/app/destination/Ne Zha II - 2025'
2025-09-21 02:19:06,044 [INFO] Deleted zip: /app/source/Ne Zha II - 2025.zip
